<?xml version="1.0" encoding="UTF-8"?>
<coverage generated="1779438176901" clover="3.2.0">
  <project timestamp="1779438176901" name="All files">
    <metrics statements="243" coveredstatements="235" conditionals="63" coveredconditionals="50" methods="41" coveredmethods="38" elements="347" coveredelements="323" complexity="0" loc="243" ncloc="243" packages="1" files="6" classes="6"/>
    <file name="encoding.ts" path="/Users/arturrubachenko/uni/3course_2sem/course_work/chat-FE/src/crypto/encoding.ts">
      <metrics statements="17" coveredstatements="16" conditionals="0" coveredconditionals="0" methods="6" coveredmethods="4"/>
      <line num="3" count="4" type="stmt"/>
      <line num="4" count="377" type="stmt"/>
      <line num="5" count="377" type="stmt"/>
      <line num="8" count="4" type="stmt"/>
      <line num="9" count="272" type="stmt"/>
      <line num="10" count="272" type="stmt"/>
      <line num="13" count="4" type="stmt"/>
      <line num="15" count="4" type="stmt"/>
      <line num="16" count="0" type="stmt"/>
      <line num="18" count="4" type="stmt"/>
      <line num="19" count="1234" type="stmt"/>
      <line num="20" count="502" type="stmt"/>
      <line num="21" count="502" type="stmt"/>
      <line num="22" count="502" type="stmt"/>
      <line num="23" count="1234" type="stmt"/>
      <line num="24" count="1234" type="stmt"/>
      <line num="26" count="502" type="stmt"/>
    </file>
    <file name="primitives.ts" path="/Users/arturrubachenko/uni/3course_2sem/course_work/chat-FE/src/crypto/primitives.ts">
      <metrics statements="43" coveredstatements="42" conditionals="3" coveredconditionals="2" methods="11" coveredmethods="11"/>
      <line num="4" count="4" type="stmt"/>
      <line num="7" count="4" type="stmt"/>
      <line num="8" count="4" type="stmt"/>
      <line num="11" count="4" type="stmt"/>
      <line num="15" count="4" type="stmt"/>
      <line num="19" count="242" type="stmt"/>
      <line num="20" count="242" type="stmt"/>
      <line num="23" count="4" type="stmt"/>
      <line num="26" count="5" type="stmt"/>
      <line num="27" count="5" type="stmt"/>
      <line num="30" count="4" type="stmt"/>
      <line num="33" count="5" type="stmt"/>
      <line num="34" count="5" type="stmt"/>
      <line num="37" count="4" type="stmt"/>
      <line num="42" count="5" type="stmt"/>
      <line num="43" count="5" type="stmt"/>
      <line num="44" count="5" type="stmt"/>
      <line num="46" count="0" type="stmt"/>
      <line num="50" count="4" type="stmt"/>
      <line num="55" count="739" type="stmt"/>
      <line num="56" count="739" type="stmt"/>
      <line num="59" count="4" type="stmt"/>
      <line num="61" count="16" type="stmt"/>
      <line num="63" count="4" type="stmt"/>
      <line num="67" count="227" type="stmt"/>
      <line num="68" count="227" type="stmt"/>
      <line num="71" count="4" type="stmt"/>
      <line num="74" count="248" type="stmt"/>
      <line num="75" count="248" type="stmt"/>
      <line num="76" count="248" type="stmt"/>
      <line num="79" count="4" type="stmt"/>
      <line num="84" count="131" type="stmt"/>
      <line num="85" count="131" type="cond" truecount="1" falsecount="1"/>
      <line num="86" count="131" type="stmt"/>
      <line num="87" count="131" type="stmt"/>
      <line num="94" count="131" type="stmt"/>
      <line num="97" count="4" type="stmt"/>
      <line num="103" count="121" type="stmt"/>
      <line num="104" count="121" type="stmt"/>
      <line num="113" count="4" type="stmt"/>
      <line num="117" count="129" type="stmt"/>
      <line num="118" count="129" type="stmt"/>
      <line num="119" count="129" type="stmt"/>
    </file>
    <file name="ratchet.ts" path="/Users/arturrubachenko/uni/3course_2sem/course_work/chat-FE/src/crypto/ratchet.ts">
      <metrics statements="88" coveredstatements="84" conditionals="38" coveredconditionals="28" methods="13" coveredmethods="12"/>
      <line num="35" count="1" type="stmt"/>
      <line num="37" count="1" type="stmt"/>
      <line num="38" count="116" type="stmt"/>
      <line num="40" count="1" type="stmt"/>
      <line num="45" count="230" type="stmt"/>
      <line num="46" count="230" type="stmt"/>
      <line num="49" count="1" type="stmt"/>
      <line num="55" count="8" type="stmt"/>
      <line num="56" count="8" type="stmt"/>
      <line num="57" count="8" type="stmt"/>
      <line num="58" count="8" type="stmt"/>
      <line num="74" count="1" type="stmt"/>
      <line num="79" count="8" type="stmt"/>
      <line num="94" count="1" type="stmt"/>
      <line num="98" count="109" type="stmt"/>
      <line num="99" count="109" type="stmt"/>
      <line num="100" count="109" type="stmt"/>
      <line num="101" count="109" type="stmt"/>
      <line num="103" count="109" type="stmt"/>
      <line num="104" count="109" type="stmt"/>
      <line num="105" count="109" type="stmt"/>
      <line num="106" count="109" type="stmt"/>
      <line num="108" count="109" type="stmt"/>
      <line num="109" count="109" type="stmt"/>
      <line num="110" count="109" type="stmt"/>
      <line num="112" count="109" type="stmt"/>
      <line num="113" count="109" type="stmt"/>
      <line num="114" count="109" type="stmt"/>
      <line num="115" count="109" type="stmt"/>
      <line num="118" count="1" type="stmt"/>
      <line num="122" count="212" type="cond" truecount="4" falsecount="0"/>
      <line num="123" count="2" type="stmt"/>
      <line num="125" count="210" type="cond" truecount="2" falsecount="0"/>
      <line num="126" count="1" type="stmt"/>
      <line num="128" count="209" type="stmt"/>
      <line num="129" count="209" type="stmt"/>
      <line num="130" count="3" type="stmt"/>
      <line num="131" count="3" type="stmt"/>
      <line num="132" count="3" type="stmt"/>
      <line num="136" count="3" type="stmt"/>
      <line num="146" count="1" type="stmt"/>
      <line num="151" count="118" type="cond" truecount="1" falsecount="1"/>
      <line num="152" count="0" type="stmt"/>
      <line num="154" count="118" type="stmt"/>
      <line num="155" count="118" type="stmt"/>
      <line num="157" count="118" type="stmt"/>
      <line num="163" count="118" type="cond" truecount="1" falsecount="1"/>
      <line num="164" count="118" type="stmt"/>
      <line num="166" count="118" type="stmt"/>
      <line num="167" count="118" type="stmt"/>
      <line num="168" count="118" type="stmt"/>
      <line num="171" count="1" type="stmt"/>
      <line num="177" count="113" type="stmt"/>
      <line num="178" count="113" type="stmt"/>
      <line num="179" count="113" type="stmt"/>
      <line num="180" count="113" type="cond" truecount="2" falsecount="0"/>
      <line num="181" count="2" type="stmt"/>
      <line num="182" count="2" type="stmt"/>
      <line num="183" count="2" type="stmt"/>
      <line num="186" count="1" type="stmt"/>
      <line num="192" count="113" type="stmt"/>
      <line num="193" count="113" type="cond" truecount="2" falsecount="0"/>
      <line num="195" count="111" type="stmt"/>
      <line num="197" count="111" type="cond" truecount="2" falsecount="0"/>
      <line num="200" count="113" type="cond" truecount="2" falsecount="0"/>
      <line num="201" count="109" type="cond" truecount="2" falsecount="0"/>
      <line num="202" count="101" type="stmt"/>
      <line num="204" count="109" type="stmt"/>
      <line num="207" count="111" type="stmt"/>
      <line num="209" count="110" type="cond" truecount="1" falsecount="1"/>
      <line num="210" count="0" type="stmt"/>
      <line num="212" count="110" type="stmt"/>
      <line num="213" count="110" type="stmt"/>
      <line num="214" count="110" type="stmt"/>
      <line num="216" count="110" type="stmt"/>
      <line num="217" count="110" type="stmt"/>
      <line num="220" count="1" type="stmt"/>
      <line num="221" count="103" type="cond" truecount="1" falsecount="1"/>
      <line num="222" count="165" type="cond" truecount="2" falsecount="0"/>
      <line num="223" count="2" type="stmt"/>
      <line num="241" count="1" type="stmt"/>
      <line num="243" count="1" type="stmt"/>
      <line num="260" count="0" type="stmt"/>
      <line num="269" count="1" type="stmt"/>
      <line num="272" count="1" type="stmt"/>
      <line num="273" count="1" type="stmt"/>
      <line num="274" count="0" type="stmt"/>
      <line num="276" count="1" type="stmt"/>
    </file>
    <file name="senderKeys.ts" path="/Users/arturrubachenko/uni/3course_2sem/course_work/chat-FE/src/crypto/senderKeys.ts">
      <metrics statements="58" coveredstatements="56" conditionals="10" coveredconditionals="8" methods="7" coveredmethods="7"/>
      <line num="42" count="1" type="stmt"/>
      <line num="44" count="1" type="stmt"/>
      <line num="48" count="4" type="stmt"/>
      <line num="49" count="4" type="stmt"/>
      <line num="50" count="4" type="stmt"/>
      <line num="51" count="4" type="stmt"/>
      <line num="62" count="1" type="stmt"/>
      <line num="64" count="4" type="stmt"/>
      <line num="72" count="1" type="stmt"/>
      <line num="75" count="4" type="stmt"/>
      <line num="85" count="1" type="stmt"/>
      <line num="95" count="8" type="stmt"/>
      <line num="96" count="8" type="stmt"/>
      <line num="97" count="8" type="stmt"/>
      <line num="99" count="8" type="stmt"/>
      <line num="100" count="8" type="stmt"/>
      <line num="109" count="8" type="stmt"/>
      <line num="110" count="8" type="stmt"/>
      <line num="112" count="8" type="stmt"/>
      <line num="113" count="8" type="stmt"/>
      <line num="118" count="8" type="stmt"/>
      <line num="127" count="8" type="stmt"/>
      <line num="132" count="8" type="stmt"/>
      <line num="135" count="1" type="stmt"/>
      <line num="141" count="8" type="stmt"/>
      <line num="142" count="8" type="cond" truecount="2" falsecount="0"/>
      <line num="143" count="1" type="stmt"/>
      <line num="148" count="7" type="stmt"/>
      <line num="149" count="7" type="stmt"/>
      <line num="150" count="7" type="stmt"/>
      <line num="155" count="7" type="cond" truecount="2" falsecount="0"/>
      <line num="156" count="1" type="stmt"/>
      <line num="159" count="6" type="stmt"/>
      <line num="168" count="6" type="stmt"/>
      <line num="170" count="6" type="stmt"/>
      <line num="171" count="5" type="stmt"/>
      <line num="173" count="6" type="cond" truecount="2" falsecount="0"/>
      <line num="174" count="4" type="stmt"/>
      <line num="175" count="4" type="stmt"/>
      <line num="176" count="4" type="stmt"/>
      <line num="178" count="10" type="stmt"/>
      <line num="180" count="4" type="stmt"/>
      <line num="183" count="2" type="cond" truecount="1" falsecount="1"/>
      <line num="184" count="0" type="stmt"/>
      <line num="189" count="2" type="stmt"/>
      <line num="190" count="2" type="stmt"/>
      <line num="191" count="2" type="stmt"/>
      <line num="195" count="2" type="stmt"/>
      <line num="196" count="4" type="cond" truecount="1" falsecount="1"/>
      <line num="197" count="0" type="stmt"/>
      <line num="199" count="4" type="stmt"/>
      <line num="200" count="4" type="stmt"/>
      <line num="201" count="4" type="stmt"/>
      <line num="202" count="4" type="stmt"/>
      <line num="205" count="2" type="stmt"/>
      <line num="206" count="2" type="stmt"/>
      <line num="208" count="2" type="stmt"/>
      <line num="214" count="2" type="stmt"/>
    </file>
    <file name="sodium.ts" path="/Users/arturrubachenko/uni/3course_2sem/course_work/chat-FE/src/crypto/sodium.ts">
      <metrics statements="6" coveredstatements="6" conditionals="2" coveredconditionals="2" methods="2" coveredmethods="2"/>
      <line num="3" count="4" type="stmt"/>
      <line num="5" count="4" type="stmt"/>
      <line num="6" count="2068" type="cond" truecount="2" falsecount="0"/>
      <line num="7" count="4" type="stmt"/>
      <line num="9" count="2068" type="stmt"/>
      <line num="10" count="2068" type="stmt"/>
    </file>
    <file name="x3dh.ts" path="/Users/arturrubachenko/uni/3course_2sem/course_work/chat-FE/src/crypto/x3dh.ts">
      <metrics statements="31" coveredstatements="31" conditionals="10" coveredconditionals="10" methods="2" coveredmethods="2"/>
      <line num="41" count="1" type="stmt"/>
      <line num="44" count="3" type="stmt"/>
      <line num="49" count="3" type="cond" truecount="2" falsecount="0"/>
      <line num="50" count="1" type="stmt"/>
      <line num="55" count="2" type="stmt"/>
      <line num="56" count="2" type="stmt"/>
      <line num="57" count="2" type="stmt"/>
      <line num="59" count="2" type="stmt"/>
      <line num="60" count="2" type="stmt"/>
      <line num="61" count="2" type="stmt"/>
      <line num="66" count="2" type="stmt"/>
      <line num="67" count="2" type="cond" truecount="2" falsecount="0"/>
      <line num="68" count="1" type="stmt"/>
      <line num="72" count="1" type="stmt"/>
      <line num="74" count="2" type="stmt"/>
      <line num="76" count="2" type="stmt"/>
      <line num="84" count="3" type="stmt"/>
      <line num="100" count="1" type="stmt"/>
      <line num="103" count="2" type="stmt"/>
      <line num="104" count="2" type="stmt"/>
      <line num="106" count="2" type="stmt"/>
      <line num="107" count="2" type="stmt"/>
      <line num="109" count="2" type="stmt"/>
      <line num="110" count="2" type="stmt"/>
      <line num="111" count="2" type="stmt"/>
      <line num="113" count="2" type="stmt"/>
      <line num="114" count="2" type="cond" truecount="4" falsecount="0"/>
      <line num="115" count="1" type="stmt"/>
      <line num="116" count="1" type="stmt"/>
      <line num="119" count="2" type="stmt"/>
      <line num="120" count="2" type="stmt"/>
    </file>
  </project>
</coverage>
