{"/Users/arturrubachenko/uni/3course_2sem/course_work/chat-FE/src/crypto/encoding.ts": {"path":"/Users/arturrubachenko/uni/3course_2sem/course_work/chat-FE/src/crypto/encoding.ts","statementMap":{"0":{"start":{"line":3,"column":21},"end":{"line":6,"column":null}},"1":{"start":{"line":4,"column":12},"end":{"line":4,"column":null}},"2":{"start":{"line":5,"column":2},"end":{"line":5,"column":null}},"3":{"start":{"line":8,"column":23},"end":{"line":11,"column":null}},"4":{"start":{"line":9,"column":12},"end":{"line":9,"column":null}},"5":{"start":{"line":10,"column":2},"end":{"line":10,"column":null}},"6":{"start":{"line":13,"column":20},"end":{"line":13,"column":null}},"7":{"start":{"line":13,"column":49},"end":{"line":13,"column":null}},"8":{"start":{"line":15,"column":24},"end":{"line":16,"column":null}},"9":{"start":{"line":16,"column":2},"end":{"line":16,"column":null}},"10":{"start":{"line":18,"column":22},"end":{"line":27,"column":null}},"11":{"start":{"line":19,"column":16},"end":{"line":19,"column":null}},"12":{"start":{"line":19,"column":39},"end":{"line":19,"column":53}},"13":{"start":{"line":20,"column":14},"end":{"line":20,"column":null}},"14":{"start":{"line":21,"column":12},"end":{"line":21,"column":null}},"15":{"start":{"line":22,"column":2},"end":{"line":25,"column":null}},"16":{"start":{"line":23,"column":4},"end":{"line":23,"column":null}},"17":{"start":{"line":24,"column":4},"end":{"line":24,"column":null}},"18":{"start":{"line":26,"column":2},"end":{"line":26,"column":null}}},"fnMap":{"0":{"name":"(anonymous_0)","decl":{"start":{"line":3,"column":21},"end":{"line":3,"column":28}},"loc":{"start":{"line":3,"column":67},"end":{"line":6,"column":null}},"line":3},"1":{"name":"(anonymous_1)","decl":{"start":{"line":8,"column":23},"end":{"line":8,"column":30}},"loc":{"start":{"line":8,"column":67},"end":{"line":11,"column":null}},"line":8},"2":{"name":"(anonymous_2)","decl":{"start":{"line":13,"column":20},"end":{"line":13,"column":21}},"loc":{"start":{"line":13,"column":49},"end":{"line":13,"column":null}},"line":13},"3":{"name":"(anonymous_3)","decl":{"start":{"line":15,"column":24},"end":{"line":15,"column":25}},"loc":{"start":{"line":16,"column":2},"end":{"line":16,"column":null}},"line":16},"4":{"name":"(anonymous_4)","decl":{"start":{"line":18,"column":22},"end":{"line":18,"column":26}},"loc":{"start":{"line":18,"column":62},"end":{"line":27,"column":null}},"line":18},"5":{"name":"(anonymous_5)","decl":{"start":{"line":19,"column":29},"end":{"line":19,"column":30}},"loc":{"start":{"line":19,"column":39},"end":{"line":19,"column":53}},"line":19}},"branchMap":{},"s":{"0":4,"1":377,"2":377,"3":4,"4":272,"5":272,"6":4,"7":0,"8":4,"9":0,"10":4,"11":502,"12":1234,"13":502,"14":502,"15":502,"16":1234,"17":1234,"18":502},"f":{"0":377,"1":272,"2":0,"3":0,"4":502,"5":1234},"b":{},"meta":{"lastBranch":0,"lastFunction":6,"lastStatement":19,"seen":{"s:3:21:6:Infinity":0,"f:3:21:3:28":0,"s:4:12:4:Infinity":1,"s:5:2:5:Infinity":2,"s:8:23:11:Infinity":3,"f:8:23:8:30":1,"s:9:12:9:Infinity":4,"s:10:2:10:Infinity":5,"s:13:20:13:Infinity":6,"f:13:20:13:21":2,"s:13:49:13:Infinity":7,"s:15:24:16:Infinity":8,"f:15:24:15:25":3,"s:16:2:16:Infinity":9,"s:18:22:27:Infinity":10,"f:18:22:18:26":4,"s:19:16:19:Infinity":11,"f:19:29:19:30":5,"s:19:39:19:53":12,"s:20:14:20:Infinity":13,"s:21:12:21:Infinity":14,"s:22:2:25:Infinity":15,"s:23:4:23:Infinity":16,"s:24:4:24:Infinity":17,"s:26:2:26:Infinity":18}}}
,"/Users/arturrubachenko/uni/3course_2sem/course_work/chat-FE/src/crypto/primitives.ts": {"path":"/Users/arturrubachenko/uni/3course_2sem/course_work/chat-FE/src/crypto/primitives.ts","statementMap":{"0":{"start":{"line":4,"column":23},"end":{"line":6,"column":null}},"1":{"start":{"line":7,"column":20},"end":{"line":7,"column":null}},"2":{"start":{"line":8,"column":24},"end":{"line":10,"column":null}},"3":{"start":{"line":11,"column":24},"end":{"line":13,"column":null}},"4":{"start":{"line":15,"column":24},"end":{"line":21,"column":null}},"5":{"start":{"line":19,"column":12},"end":{"line":19,"column":null}},"6":{"start":{"line":20,"column":2},"end":{"line":20,"column":null}},"7":{"start":{"line":23,"column":29},"end":{"line":28,"column":null}},"8":{"start":{"line":26,"column":12},"end":{"line":26,"column":null}},"9":{"start":{"line":27,"column":2},"end":{"line":27,"column":null}},"10":{"start":{"line":30,"column":30},"end":{"line":35,"column":null}},"11":{"start":{"line":33,"column":12},"end":{"line":33,"column":null}},"12":{"start":{"line":34,"column":2},"end":{"line":34,"column":null}},"13":{"start":{"line":37,"column":29},"end":{"line":48,"column":null}},"14":{"start":{"line":42,"column":12},"end":{"line":42,"column":null}},"15":{"start":{"line":43,"column":2},"end":{"line":47,"column":null}},"16":{"start":{"line":44,"column":4},"end":{"line":44,"column":null}},"17":{"start":{"line":46,"column":4},"end":{"line":46,"column":null}},"18":{"start":{"line":50,"column":18},"end":{"line":57,"column":null}},"19":{"start":{"line":55,"column":12},"end":{"line":55,"column":null}},"20":{"start":{"line":56,"column":2},"end":{"line":56,"column":null}},"21":{"start":{"line":59,"column":32},"end":{"line":61,"column":null}},"22":{"start":{"line":61,"column":26},"end":{"line":61,"column":null}},"23":{"start":{"line":63,"column":23},"end":{"line":69,"column":null}},"24":{"start":{"line":67,"column":14},"end":{"line":67,"column":null}},"25":{"start":{"line":68,"column":2},"end":{"line":68,"column":null}},"26":{"start":{"line":71,"column":24},"end":{"line":77,"column":null}},"27":{"start":{"line":74,"column":15},"end":{"line":74,"column":null}},"28":{"start":{"line":75,"column":13},"end":{"line":75,"column":null}},"29":{"start":{"line":76,"column":2},"end":{"line":76,"column":null}},"30":{"start":{"line":79,"column":27},"end":{"line":95,"column":null}},"31":{"start":{"line":84,"column":12},"end":{"line":84,"column":null}},"32":{"start":{"line":85,"column":19},"end":{"line":85,"column":null}},"33":{"start":{"line":86,"column":16},"end":{"line":86,"column":null}},"34":{"start":{"line":87,"column":21},"end":{"line":93,"column":null}},"35":{"start":{"line":94,"column":2},"end":{"line":94,"column":null}},"36":{"start":{"line":97,"column":27},"end":{"line":111,"column":null}},"37":{"start":{"line":103,"column":12},"end":{"line":103,"column":null}},"38":{"start":{"line":104,"column":2},"end":{"line":110,"column":null}},"39":{"start":{"line":113,"column":28},"end":{"line":120,"column":null}},"40":{"start":{"line":117,"column":12},"end":{"line":117,"column":null}},"41":{"start":{"line":118,"column":13},"end":{"line":118,"column":null}},"42":{"start":{"line":119,"column":2},"end":{"line":119,"column":null}}},"fnMap":{"0":{"name":"(anonymous_0)","decl":{"start":{"line":15,"column":24},"end":{"line":15,"column":null}},"loc":{"start":{"line":18,"column":26},"end":{"line":21,"column":null}},"line":18},"1":{"name":"(anonymous_1)","decl":{"start":{"line":23,"column":29},"end":{"line":23,"column":null}},"loc":{"start":{"line":25,"column":26},"end":{"line":28,"column":null}},"line":25},"2":{"name":"(anonymous_2)","decl":{"start":{"line":30,"column":30},"end":{"line":30,"column":null}},"loc":{"start":{"line":32,"column":26},"end":{"line":35,"column":null}},"line":32},"3":{"name":"(anonymous_3)","decl":{"start":{"line":37,"column":29},"end":{"line":37,"column":null}},"loc":{"start":{"line":41,"column":23},"end":{"line":48,"column":null}},"line":41},"4":{"name":"(anonymous_4)","decl":{"start":{"line":50,"column":18},"end":{"line":50,"column":null}},"loc":{"start":{"line":54,"column":26},"end":{"line":57,"column":null}},"line":54},"5":{"name":"(anonymous_5)","decl":{"start":{"line":59,"column":32},"end":{"line":59,"column":null}},"loc":{"start":{"line":61,"column":26},"end":{"line":61,"column":null}},"line":61},"6":{"name":"(anonymous_6)","decl":{"start":{"line":63,"column":23},"end":{"line":63,"column":null}},"loc":{"start":{"line":66,"column":61},"end":{"line":69,"column":null}},"line":66},"7":{"name":"(anonymous_7)","decl":{"start":{"line":71,"column":24},"end":{"line":71,"column":null}},"loc":{"start":{"line":73,"column":64},"end":{"line":77,"column":null}},"line":73},"8":{"name":"(anonymous_8)","decl":{"start":{"line":79,"column":27},"end":{"line":79,"column":null}},"loc":{"start":{"line":83,"column":61},"end":{"line":95,"column":null}},"line":83},"9":{"name":"(anonymous_9)","decl":{"start":{"line":97,"column":27},"end":{"line":97,"column":null}},"loc":{"start":{"line":102,"column":26},"end":{"line":111,"column":null}},"line":102},"10":{"name":"(anonymous_10)","decl":{"start":{"line":113,"column":28},"end":{"line":113,"column":null}},"loc":{"start":{"line":116,"column":6},"end":{"line":120,"column":null}},"line":116}},"branchMap":{"0":{"loc":{"start":{"line":53,"column":2},"end":{"line":53,"column":null}},"type":"default-arg","locations":[{"start":{"line":53,"column":11},"end":{"line":53,"column":null}}],"line":53},"1":{"loc":{"start":{"line":85,"column":19},"end":{"line":85,"column":null}},"type":"binary-expr","locations":[{"start":{"line":85,"column":19},"end":{"line":85,"column":69}},{"start":{"line":85,"column":69},"end":{"line":85,"column":null}}],"line":85}},"s":{"0":4,"1":4,"2":4,"3":4,"4":4,"5":242,"6":242,"7":4,"8":5,"9":5,"10":4,"11":5,"12":5,"13":4,"14":5,"15":5,"16":5,"17":0,"18":4,"19":739,"20":739,"21":4,"22":16,"23":4,"24":227,"25":227,"26":4,"27":248,"28":248,"29":248,"30":4,"31":131,"32":131,"33":131,"34":131,"35":131,"36":4,"37":121,"38":121,"39":4,"40":129,"41":129,"42":129},"f":{"0":242,"1":5,"2":5,"3":5,"4":739,"5":16,"6":227,"7":248,"8":131,"9":121,"10":129},"b":{"0":[739],"1":[131,0]},"meta":{"lastBranch":2,"lastFunction":11,"lastStatement":43,"seen":{"s:4:23:6:Infinity":0,"s:7:20:7:Infinity":1,"s:8:24:10:Infinity":2,"s:11:24:13:Infinity":3,"s:15:24:21:Infinity":4,"f:15:24:15:Infinity":0,"s:19:12:19:Infinity":5,"s:20:2:20:Infinity":6,"s:23:29:28:Infinity":7,"f:23:29:23:Infinity":1,"s:26:12:26:Infinity":8,"s:27:2:27:Infinity":9,"s:30:30:35:Infinity":10,"f:30:30:30:Infinity":2,"s:33:12:33:Infinity":11,"s:34:2:34:Infinity":12,"s:37:29:48:Infinity":13,"f:37:29:37:Infinity":3,"s:42:12:42:Infinity":14,"s:43:2:47:Infinity":15,"s:44:4:44:Infinity":16,"s:46:4:46:Infinity":17,"s:50:18:57:Infinity":18,"f:50:18:50:Infinity":4,"b:53:11:53:Infinity":0,"s:55:12:55:Infinity":19,"s:56:2:56:Infinity":20,"s:59:32:61:Infinity":21,"f:59:32:59:Infinity":5,"s:61:26:61:Infinity":22,"s:63:23:69:Infinity":23,"f:63:23:63:Infinity":6,"s:67:14:67:Infinity":24,"s:68:2:68:Infinity":25,"s:71:24:77:Infinity":26,"f:71:24:71:Infinity":7,"s:74:15:74:Infinity":27,"s:75:13:75:Infinity":28,"s:76:2:76:Infinity":29,"s:79:27:95:Infinity":30,"f:79:27:79:Infinity":8,"s:84:12:84:Infinity":31,"s:85:19:85:Infinity":32,"b:85:19:85:69:85:69:85:Infinity":1,"s:86:16:86:Infinity":33,"s:87:21:93:Infinity":34,"s:94:2:94:Infinity":35,"s:97:27:111:Infinity":36,"f:97:27:97:Infinity":9,"s:103:12:103:Infinity":37,"s:104:2:110:Infinity":38,"s:113:28:120:Infinity":39,"f:113:28:113:Infinity":10,"s:117:12:117:Infinity":40,"s:118:13:118:Infinity":41,"s:119:2:119:Infinity":42}}}
,"/Users/arturrubachenko/uni/3course_2sem/course_work/chat-FE/src/crypto/ratchet.ts": {"path":"/Users/arturrubachenko/uni/3course_2sem/course_work/chat-FE/src/crypto/ratchet.ts","statementMap":{"0":{"start":{"line":35,"column":20},"end":{"line":35,"column":null}},"1":{"start":{"line":37,"column":19},"end":{"line":38,"column":null}},"2":{"start":{"line":38,"column":2},"end":{"line":38,"column":null}},"3":{"start":{"line":40,"column":23},"end":{"line":47,"column":null}},"4":{"start":{"line":45,"column":22},"end":{"line":45,"column":null}},"5":{"start":{"line":46,"column":2},"end":{"line":46,"column":null}},"6":{"start":{"line":49,"column":34},"end":{"line":72,"column":null}},"7":{"start":{"line":55,"column":18},"end":{"line":55,"column":null}},"8":{"start":{"line":56,"column":13},"end":{"line":56,"column":null}},"9":{"start":{"line":57,"column":32},"end":{"line":57,"column":null}},"10":{"start":{"line":58,"column":2},"end":{"line":71,"column":null}},"11":{"start":{"line":74,"column":34},"end":{"line":92,"column":null}},"12":{"start":{"line":79,"column":20},"end":{"line":92,"column":null}},"13":{"start":{"line":94,"column":18},"end":{"line":116,"column":null}},"14":{"start":{"line":98,"column":2},"end":{"line":98,"column":null}},"15":{"start":{"line":99,"column":2},"end":{"line":99,"column":null}},"16":{"start":{"line":100,"column":2},"end":{"line":100,"column":null}},"17":{"start":{"line":101,"column":2},"end":{"line":101,"column":null}},"18":{"start":{"line":103,"column":14},"end":{"line":103,"column":null}},"19":{"start":{"line":104,"column":14},"end":{"line":104,"column":null}},"20":{"start":{"line":105,"column":2},"end":{"line":105,"column":null}},"21":{"start":{"line":106,"column":2},"end":{"line":106,"column":null}},"22":{"start":{"line":108,"column":16},"end":{"line":108,"column":null}},"23":{"start":{"line":109,"column":2},"end":{"line":109,"column":null}},"24":{"start":{"line":110,"column":2},"end":{"line":110,"column":null}},"25":{"start":{"line":112,"column":14},"end":{"line":112,"column":null}},"26":{"start":{"line":113,"column":14},"end":{"line":113,"column":null}},"27":{"start":{"line":114,"column":2},"end":{"line":114,"column":null}},"28":{"start":{"line":115,"column":2},"end":{"line":115,"column":null}},"29":{"start":{"line":118,"column":26},"end":{"line":138,"column":null}},"30":{"start":{"line":122,"column":2},"end":{"line":124,"column":null}},"31":{"start":{"line":123,"column":4},"end":{"line":123,"column":null}},"32":{"start":{"line":125,"column":2},"end":{"line":127,"column":null}},"33":{"start":{"line":126,"column":4},"end":{"line":126,"column":null}},"34":{"start":{"line":128,"column":20},"end":{"line":128,"column":null}},"35":{"start":{"line":129,"column":2},"end":{"line":137,"column":null}},"36":{"start":{"line":130,"column":37},"end":{"line":130,"column":null}},"37":{"start":{"line":131,"column":4},"end":{"line":131,"column":null}},"38":{"start":{"line":132,"column":4},"end":{"line":135,"column":null}},"39":{"start":{"line":136,"column":4},"end":{"line":136,"column":null}},"40":{"start":{"line":146,"column":30},"end":{"line":169,"column":null}},"41":{"start":{"line":151,"column":2},"end":{"line":153,"column":null}},"42":{"start":{"line":152,"column":4},"end":{"line":152,"column":null}},"43":{"start":{"line":154,"column":35},"end":{"line":154,"column":null}},"44":{"start":{"line":155,"column":2},"end":{"line":155,"column":null}},"45":{"start":{"line":157,"column":32},"end":{"line":162,"column":null}},"46":{"start":{"line":163,"column":2},"end":{"line":163,"column":null}},"47":{"start":{"line":163,"column":14},"end":{"line":163,"column":null}},"48":{"start":{"line":164,"column":2},"end":{"line":164,"column":null}},"49":{"start":{"line":166,"column":13},"end":{"line":166,"column":null}},"50":{"start":{"line":167,"column":32},"end":{"line":167,"column":null}},"51":{"start":{"line":168,"column":2},"end":{"line":168,"column":null}},"52":{"start":{"line":171,"column":26},"end":{"line":184,"column":null}},"53":{"start":{"line":177,"column":21},"end":{"line":177,"column":null}},"54":{"start":{"line":178,"column":17},"end":{"line":178,"column":null}},"55":{"start":{"line":179,"column":13},"end":{"line":179,"column":null}},"56":{"start":{"line":180,"column":2},"end":{"line":180,"column":null}},"57":{"start":{"line":180,"column":11},"end":{"line":180,"column":null}},"58":{"start":{"line":181,"column":2},"end":{"line":181,"column":null}},"59":{"start":{"line":182,"column":13},"end":{"line":182,"column":null}},"60":{"start":{"line":183,"column":2},"end":{"line":183,"column":null}},"61":{"start":{"line":186,"column":30},"end":{"line":218,"column":null}},"62":{"start":{"line":192,"column":18},"end":{"line":192,"column":null}},"63":{"start":{"line":193,"column":2},"end":{"line":193,"column":null}},"64":{"start":{"line":193,"column":15},"end":{"line":193,"column":null}},"65":{"start":{"line":195,"column":24},"end":{"line":195,"column":null}},"66":{"start":{"line":197,"column":4},"end":{"line":198,"column":null}},"67":{"start":{"line":200,"column":2},"end":{"line":205,"column":null}},"68":{"start":{"line":201,"column":4},"end":{"line":203,"column":null}},"69":{"start":{"line":202,"column":6},"end":{"line":202,"column":null}},"70":{"start":{"line":204,"column":4},"end":{"line":204,"column":null}},"71":{"start":{"line":207,"column":2},"end":{"line":207,"column":null}},"72":{"start":{"line":209,"column":2},"end":{"line":211,"column":null}},"73":{"start":{"line":210,"column":4},"end":{"line":210,"column":null}},"74":{"start":{"line":212,"column":35},"end":{"line":212,"column":null}},"75":{"start":{"line":213,"column":2},"end":{"line":213,"column":null}},"76":{"start":{"line":214,"column":2},"end":{"line":214,"column":null}},"77":{"start":{"line":216,"column":13},"end":{"line":216,"column":null}},"78":{"start":{"line":217,"column":2},"end":{"line":217,"column":null}},"79":{"start":{"line":220,"column":19},"end":{"line":224,"column":null}},"80":{"start":{"line":221,"column":2},"end":{"line":221,"column":null}},"81":{"start":{"line":221,"column":29},"end":{"line":221,"column":null}},"82":{"start":{"line":222,"column":2},"end":{"line":222,"column":null}},"83":{"start":{"line":222,"column":15},"end":{"line":222,"column":18}},"84":{"start":{"line":222,"column":37},"end":{"line":222,"column":null}},"85":{"start":{"line":222,"column":56},"end":{"line":222,"column":null}},"86":{"start":{"line":223,"column":2},"end":{"line":223,"column":null}},"87":{"start":{"line":241,"column":32},"end":{"line":267,"column":null}},"88":{"start":{"line":243,"column":28},"end":{"line":267,"column":null}},"89":{"start":{"line":260,"column":66},"end":{"line":263,"column":6}},"90":{"start":{"line":269,"column":34},"end":{"line":296,"column":null}},"91":{"start":{"line":272,"column":18},"end":{"line":272,"column":null}},"92":{"start":{"line":273,"column":2},"end":{"line":275,"column":null}},"93":{"start":{"line":274,"column":4},"end":{"line":274,"column":null}},"94":{"start":{"line":276,"column":2},"end":{"line":295,"column":null}}},"fnMap":{"0":{"name":"(anonymous_0)","decl":{"start":{"line":37,"column":19},"end":{"line":37,"column":20}},"loc":{"start":{"line":38,"column":2},"end":{"line":38,"column":null}},"line":38},"1":{"name":"(anonymous_1)","decl":{"start":{"line":40,"column":23},"end":{"line":40,"column":null}},"loc":{"start":{"line":44,"column":17},"end":{"line":47,"column":null}},"line":44},"2":{"name":"(anonymous_2)","decl":{"start":{"line":49,"column":34},"end":{"line":49,"column":null}},"loc":{"start":{"line":54,"column":28},"end":{"line":72,"column":null}},"line":54},"3":{"name":"(anonymous_3)","decl":{"start":{"line":74,"column":34},"end":{"line":74,"column":null}},"loc":{"start":{"line":79,"column":20},"end":{"line":92,"column":null}},"line":79},"4":{"name":"(anonymous_4)","decl":{"start":{"line":94,"column":18},"end":{"line":94,"column":null}},"loc":{"start":{"line":97,"column":20},"end":{"line":116,"column":null}},"line":97},"5":{"name":"(anonymous_5)","decl":{"start":{"line":118,"column":26},"end":{"line":118,"column":null}},"loc":{"start":{"line":121,"column":20},"end":{"line":138,"column":null}},"line":121},"6":{"name":"(anonymous_6)","decl":{"start":{"line":146,"column":30},"end":{"line":146,"column":null}},"loc":{"start":{"line":150,"column":26},"end":{"line":169,"column":null}},"line":150},"7":{"name":"(anonymous_7)","decl":{"start":{"line":171,"column":26},"end":{"line":171,"column":null}},"loc":{"start":{"line":176,"column":33},"end":{"line":184,"column":null}},"line":176},"8":{"name":"(anonymous_8)","decl":{"start":{"line":186,"column":30},"end":{"line":186,"column":null}},"loc":{"start":{"line":191,"column":26},"end":{"line":218,"column":null}},"line":191},"9":{"name":"(anonymous_9)","decl":{"start":{"line":220,"column":19},"end":{"line":220,"column":20}},"loc":{"start":{"line":220,"column":62},"end":{"line":224,"column":null}},"line":220},"10":{"name":"(anonymous_10)","decl":{"start":{"line":241,"column":32},"end":{"line":241,"column":null}},"loc":{"start":{"line":243,"column":28},"end":{"line":267,"column":null}},"line":243},"11":{"name":"(anonymous_11)","decl":{"start":{"line":260,"column":44},"end":{"line":260,"column":51}},"loc":{"start":{"line":260,"column":66},"end":{"line":263,"column":6}},"line":260},"12":{"name":"(anonymous_12)","decl":{"start":{"line":269,"column":34},"end":{"line":269,"column":null}},"loc":{"start":{"line":271,"column":28},"end":{"line":296,"column":null}},"line":271}},"branchMap":{"0":{"loc":{"start":{"line":122,"column":2},"end":{"line":124,"column":null}},"type":"if","locations":[{"start":{"line":122,"column":2},"end":{"line":124,"column":null}},{"start":{},"end":{}}],"line":122},"1":{"loc":{"start":{"line":122,"column":6},"end":{"line":122,"column":76}},"type":"binary-expr","locations":[{"start":{"line":122,"column":6},"end":{"line":122,"column":42}},{"start":{"line":122,"column":42},"end":{"line":122,"column":76}}],"line":122},"2":{"loc":{"start":{"line":125,"column":2},"end":{"line":127,"column":null}},"type":"if","locations":[{"start":{"line":125,"column":2},"end":{"line":127,"column":null}},{"start":{},"end":{}}],"line":125},"3":{"loc":{"start":{"line":151,"column":2},"end":{"line":153,"column":null}},"type":"if","locations":[{"start":{"line":151,"column":2},"end":{"line":153,"column":null}},{"start":{},"end":{}}],"line":151},"4":{"loc":{"start":{"line":163,"column":2},"end":{"line":163,"column":null}},"type":"if","locations":[{"start":{"line":163,"column":2},"end":{"line":163,"column":null}},{"start":{},"end":{}}],"line":163},"5":{"loc":{"start":{"line":180,"column":2},"end":{"line":180,"column":null}},"type":"if","locations":[{"start":{"line":180,"column":2},"end":{"line":180,"column":null}},{"start":{},"end":{}}],"line":180},"6":{"loc":{"start":{"line":193,"column":2},"end":{"line":193,"column":null}},"type":"if","locations":[{"start":{"line":193,"column":2},"end":{"line":193,"column":null}},{"start":{},"end":{}}],"line":193},"7":{"loc":{"start":{"line":197,"column":4},"end":{"line":198,"column":null}},"type":"binary-expr","locations":[{"start":{"line":197,"column":4},"end":{"line":197,"column":null}},{"start":{"line":198,"column":4},"end":{"line":198,"column":null}}],"line":197},"8":{"loc":{"start":{"line":200,"column":2},"end":{"line":205,"column":null}},"type":"if","locations":[{"start":{"line":200,"column":2},"end":{"line":205,"column":null}},{"start":{},"end":{}}],"line":200},"9":{"loc":{"start":{"line":201,"column":4},"end":{"line":203,"column":null}},"type":"if","locations":[{"start":{"line":201,"column":4},"end":{"line":203,"column":null}},{"start":{},"end":{}}],"line":201},"10":{"loc":{"start":{"line":209,"column":2},"end":{"line":211,"column":null}},"type":"if","locations":[{"start":{"line":209,"column":2},"end":{"line":211,"column":null}},{"start":{},"end":{}}],"line":209},"11":{"loc":{"start":{"line":221,"column":2},"end":{"line":221,"column":null}},"type":"if","locations":[{"start":{"line":221,"column":2},"end":{"line":221,"column":null}},{"start":{},"end":{}}],"line":221},"12":{"loc":{"start":{"line":222,"column":37},"end":{"line":222,"column":null}},"type":"if","locations":[{"start":{"line":222,"column":37},"end":{"line":222,"column":null}},{"start":{},"end":{}}],"line":222},"13":{"loc":{"start":{"line":247,"column":21},"end":{"line":249,"column":null}},"type":"cond-expr","locations":[{"start":{"line":248,"column":6},"end":{"line":248,"column":null}},{"start":{"line":249,"column":6},"end":{"line":249,"column":null}}],"line":247},"14":{"loc":{"start":{"line":250,"column":19},"end":{"line":252,"column":null}},"type":"cond-expr","locations":[{"start":{"line":251,"column":6},"end":{"line":251,"column":null}},{"start":{"line":252,"column":6},"end":{"line":252,"column":null}}],"line":250},"15":{"loc":{"start":{"line":253,"column":21},"end":{"line":255,"column":null}},"type":"cond-expr","locations":[{"start":{"line":254,"column":6},"end":{"line":254,"column":null}},{"start":{"line":255,"column":6},"end":{"line":255,"column":null}}],"line":253},"16":{"loc":{"start":{"line":280,"column":23},"end":{"line":282,"column":null}},"type":"cond-expr","locations":[{"start":{"line":281,"column":8},"end":{"line":281,"column":null}},{"start":{"line":282,"column":8},"end":{"line":282,"column":null}}],"line":280},"17":{"loc":{"start":{"line":283,"column":21},"end":{"line":285,"column":null}},"type":"cond-expr","locations":[{"start":{"line":284,"column":8},"end":{"line":284,"column":null}},{"start":{"line":285,"column":8},"end":{"line":285,"column":null}}],"line":283},"18":{"loc":{"start":{"line":286,"column":23},"end":{"line":288,"column":null}},"type":"cond-expr","locations":[{"start":{"line":287,"column":8},"end":{"line":287,"column":null}},{"start":{"line":288,"column":8},"end":{"line":288,"column":null}}],"line":286}},"s":{"0":1,"1":1,"2":116,"3":1,"4":230,"5":230,"6":1,"7":8,"8":8,"9":8,"10":8,"11":1,"12":8,"13":1,"14":109,"15":109,"16":109,"17":109,"18":109,"19":109,"20":109,"21":109,"22":109,"23":109,"24":109,"25":109,"26":109,"27":109,"28":109,"29":1,"30":212,"31":2,"32":210,"33":1,"34":209,"35":209,"36":3,"37":3,"38":3,"39":3,"40":1,"41":118,"42":0,"43":118,"44":118,"45":118,"46":118,"47":0,"48":118,"49":118,"50":118,"51":118,"52":1,"53":113,"54":113,"55":113,"56":113,"57":111,"58":2,"59":2,"60":2,"61":1,"62":113,"63":113,"64":2,"65":111,"66":111,"67":113,"68":109,"69":101,"70":109,"71":111,"72":110,"73":0,"74":110,"75":110,"76":110,"77":110,"78":110,"79":1,"80":103,"81":0,"82":103,"83":103,"84":165,"85":101,"86":2,"87":1,"88":1,"89":0,"90":1,"91":1,"92":1,"93":0,"94":1},"f":{"0":116,"1":230,"2":8,"3":8,"4":109,"5":212,"6":118,"7":113,"8":113,"9":103,"10":1,"11":0,"12":1},"b":{"0":[2,210],"1":[212,210],"2":[1,209],"3":[0,118],"4":[0,118],"5":[111,2],"6":[2,111],"7":[111,103],"8":[109,4],"9":[101,8],"10":[0,110],"11":[0,103],"12":[101,64],"13":[1,0],"14":[1,0],"15":[1,0],"16":[1,0],"17":[1,0],"18":[1,0]},"meta":{"lastBranch":19,"lastFunction":13,"lastStatement":95,"seen":{"s:35:20:35:Infinity":0,"s:37:19:38:Infinity":1,"f:37:19:37:20":0,"s:38:2:38:Infinity":2,"s:40:23:47:Infinity":3,"f:40:23:40:Infinity":1,"s:45:22:45:Infinity":4,"s:46:2:46:Infinity":5,"s:49:34:72:Infinity":6,"f:49:34:49:Infinity":2,"s:55:18:55:Infinity":7,"s:56:13:56:Infinity":8,"s:57:32:57:Infinity":9,"s:58:2:71:Infinity":10,"s:74:34:92:Infinity":11,"f:74:34:74:Infinity":3,"s:79:20:92:Infinity":12,"s:94:18:116:Infinity":13,"f:94:18:94:Infinity":4,"s:98:2:98:Infinity":14,"s:99:2:99:Infinity":15,"s:100:2:100:Infinity":16,"s:101:2:101:Infinity":17,"s:103:14:103:Infinity":18,"s:104:14:104:Infinity":19,"s:105:2:105:Infinity":20,"s:106:2:106:Infinity":21,"s:108:16:108:Infinity":22,"s:109:2:109:Infinity":23,"s:110:2:110:Infinity":24,"s:112:14:112:Infinity":25,"s:113:14:113:Infinity":26,"s:114:2:114:Infinity":27,"s:115:2:115:Infinity":28,"s:118:26:138:Infinity":29,"f:118:26:118:Infinity":5,"b:122:2:124:Infinity:undefined:undefined:undefined:undefined":0,"s:122:2:124:Infinity":30,"b:122:6:122:42:122:42:122:76":1,"s:123:4:123:Infinity":31,"b:125:2:127:Infinity:undefined:undefined:undefined:undefined":2,"s:125:2:127:Infinity":32,"s:126:4:126:Infinity":33,"s:128:20:128:Infinity":34,"s:129:2:137:Infinity":35,"s:130:37:130:Infinity":36,"s:131:4:131:Infinity":37,"s:132:4:135:Infinity":38,"s:136:4:136:Infinity":39,"s:146:30:169:Infinity":40,"f:146:30:146:Infinity":6,"b:151:2:153:Infinity:undefined:undefined:undefined:undefined":3,"s:151:2:153:Infinity":41,"s:152:4:152:Infinity":42,"s:154:35:154:Infinity":43,"s:155:2:155:Infinity":44,"s:157:32:162:Infinity":45,"b:163:2:163:Infinity:undefined:undefined:undefined:undefined":4,"s:163:2:163:Infinity":46,"s:163:14:163:Infinity":47,"s:164:2:164:Infinity":48,"s:166:13:166:Infinity":49,"s:167:32:167:Infinity":50,"s:168:2:168:Infinity":51,"s:171:26:184:Infinity":52,"f:171:26:171:Infinity":7,"s:177:21:177:Infinity":53,"s:178:17:178:Infinity":54,"s:179:13:179:Infinity":55,"b:180:2:180:Infinity:undefined:undefined:undefined:undefined":5,"s:180:2:180:Infinity":56,"s:180:11:180:Infinity":57,"s:181:2:181:Infinity":58,"s:182:13:182:Infinity":59,"s:183:2:183:Infinity":60,"s:186:30:218:Infinity":61,"f:186:30:186:Infinity":8,"s:192:18:192:Infinity":62,"b:193:2:193:Infinity:undefined:undefined:undefined:undefined":6,"s:193:2:193:Infinity":63,"s:193:15:193:Infinity":64,"s:195:24:195:Infinity":65,"s:197:4:198:Infinity":66,"b:197:4:197:Infinity:198:4:198:Infinity":7,"b:200:2:205:Infinity:undefined:undefined:undefined:undefined":8,"s:200:2:205:Infinity":67,"b:201:4:203:Infinity:undefined:undefined:undefined:undefined":9,"s:201:4:203:Infinity":68,"s:202:6:202:Infinity":69,"s:204:4:204:Infinity":70,"s:207:2:207:Infinity":71,"b:209:2:211:Infinity:undefined:undefined:undefined:undefined":10,"s:209:2:211:Infinity":72,"s:210:4:210:Infinity":73,"s:212:35:212:Infinity":74,"s:213:2:213:Infinity":75,"s:214:2:214:Infinity":76,"s:216:13:216:Infinity":77,"s:217:2:217:Infinity":78,"s:220:19:224:Infinity":79,"f:220:19:220:20":9,"b:221:2:221:Infinity:undefined:undefined:undefined:undefined":11,"s:221:2:221:Infinity":80,"s:221:29:221:Infinity":81,"s:222:2:222:Infinity":82,"s:222:15:222:18":83,"b:222:37:222:Infinity:undefined:undefined:undefined:undefined":12,"s:222:37:222:Infinity":84,"s:222:56:222:Infinity":85,"s:223:2:223:Infinity":86,"s:241:32:267:Infinity":87,"f:241:32:241:Infinity":10,"s:243:28:267:Infinity":88,"b:248:6:248:Infinity:249:6:249:Infinity":13,"b:251:6:251:Infinity:252:6:252:Infinity":14,"b:254:6:254:Infinity:255:6:255:Infinity":15,"f:260:44:260:51":11,"s:260:66:263:6":89,"s:269:34:296:Infinity":90,"f:269:34:269:Infinity":12,"s:272:18:272:Infinity":91,"s:273:2:275:Infinity":92,"s:274:4:274:Infinity":93,"s:276:2:295:Infinity":94,"b:281:8:281:Infinity:282:8:282:Infinity":16,"b:284:8:284:Infinity:285:8:285:Infinity":17,"b:287:8:287:Infinity:288:8:288:Infinity":18}}}
,"/Users/arturrubachenko/uni/3course_2sem/course_work/chat-FE/src/crypto/senderKeys.ts": {"path":"/Users/arturrubachenko/uni/3course_2sem/course_work/chat-FE/src/crypto/senderKeys.ts","statementMap":{"0":{"start":{"line":42,"column":26},"end":{"line":42,"column":null}},"1":{"start":{"line":44,"column":35},"end":{"line":60,"column":null}},"2":{"start":{"line":48,"column":12},"end":{"line":48,"column":null}},"3":{"start":{"line":49,"column":18},"end":{"line":49,"column":null}},"4":{"start":{"line":50,"column":19},"end":{"line":50,"column":null}},"5":{"start":{"line":51,"column":2},"end":{"line":59,"column":null}},"6":{"start":{"line":62,"column":37},"end":{"line":70,"column":null}},"7":{"start":{"line":64,"column":36},"end":{"line":70,"column":null}},"8":{"start":{"line":72,"column":39},"end":{"line":83,"column":null}},"9":{"start":{"line":75,"column":25},"end":{"line":83,"column":null}},"10":{"start":{"line":85,"column":36},"end":{"line":133,"column":null}},"11":{"start":{"line":95,"column":12},"end":{"line":95,"column":null}},"12":{"start":{"line":96,"column":13},"end":{"line":96,"column":null}},"13":{"start":{"line":97,"column":43},"end":{"line":97,"column":null}},"14":{"start":{"line":99,"column":20},"end":{"line":99,"column":null}},"15":{"start":{"line":100,"column":22},"end":{"line":108,"column":null}},"16":{"start":{"line":109,"column":8},"end":{"line":109,"column":null}},"17":{"start":{"line":110,"column":32},"end":{"line":110,"column":null}},"18":{"start":{"line":112,"column":22},"end":{"line":112,"column":null}},"19":{"start":{"line":113,"column":20},"end":{"line":116,"column":null}},"20":{"start":{"line":118,"column":37},"end":{"line":125,"column":null}},"21":{"start":{"line":127,"column":38},"end":{"line":131,"column":null}},"22":{"start":{"line":132,"column":2},"end":{"line":132,"column":null}},"23":{"start":{"line":135,"column":36},"end":{"line":215,"column":null}},"24":{"start":{"line":141,"column":12},"end":{"line":141,"column":null}},"25":{"start":{"line":142,"column":2},"end":{"line":146,"column":null}},"26":{"start":{"line":143,"column":4},"end":{"line":145,"column":null}},"27":{"start":{"line":148,"column":21},"end":{"line":148,"column":null}},"28":{"start":{"line":149,"column":25},"end":{"line":149,"column":null}},"29":{"start":{"line":150,"column":16},"end":{"line":154,"column":null}},"30":{"start":{"line":155,"column":2},"end":{"line":157,"column":null}},"31":{"start":{"line":156,"column":4},"end":{"line":156,"column":null}},"32":{"start":{"line":159,"column":22},"end":{"line":167,"column":null}},"33":{"start":{"line":168,"column":8},"end":{"line":168,"column":null}},"34":{"start":{"line":170,"column":19},"end":{"line":172,"column":null}},"35":{"start":{"line":171,"column":11},"end":{"line":171,"column":null}},"36":{"start":{"line":173,"column":2},"end":{"line":181,"column":null}},"37":{"start":{"line":174,"column":15},"end":{"line":174,"column":null}},"38":{"start":{"line":175,"column":22},"end":{"line":175,"column":null}},"39":{"start":{"line":176,"column":39},"end":{"line":179,"column":null}},"40":{"start":{"line":178,"column":48},"end":{"line":178,"column":62}},"41":{"start":{"line":180,"column":4},"end":{"line":180,"column":null}},"42":{"start":{"line":183,"column":2},"end":{"line":187,"column":null}},"43":{"start":{"line":184,"column":4},"end":{"line":186,"column":null}},"44":{"start":{"line":189,"column":17},"end":{"line":189,"column":null}},"45":{"start":{"line":190,"column":13},"end":{"line":190,"column":null}},"46":{"start":{"line":191,"column":63},"end":{"line":193,"column":null}},"47":{"start":{"line":195,"column":2},"end":{"line":203,"column":null}},"48":{"start":{"line":196,"column":4},"end":{"line":198,"column":null}},"49":{"start":{"line":197,"column":6},"end":{"line":197,"column":null}},"50":{"start":{"line":199,"column":43},"end":{"line":199,"column":null}},"51":{"start":{"line":200,"column":4},"end":{"line":200,"column":null}},"52":{"start":{"line":201,"column":4},"end":{"line":201,"column":null}},"53":{"start":{"line":202,"column":4},"end":{"line":202,"column":null}},"54":{"start":{"line":205,"column":43},"end":{"line":205,"column":null}},"55":{"start":{"line":206,"column":20},"end":{"line":206,"column":null}},"56":{"start":{"line":208,"column":37},"end":{"line":213,"column":null}},"57":{"start":{"line":214,"column":2},"end":{"line":214,"column":null}}},"fnMap":{"0":{"name":"(anonymous_0)","decl":{"start":{"line":44,"column":35},"end":{"line":44,"column":null}},"loc":{"start":{"line":47,"column":31},"end":{"line":60,"column":null}},"line":47},"1":{"name":"(anonymous_1)","decl":{"start":{"line":62,"column":37},"end":{"line":62,"column":null}},"loc":{"start":{"line":64,"column":36},"end":{"line":70,"column":null}},"line":64},"2":{"name":"(anonymous_2)","decl":{"start":{"line":72,"column":39},"end":{"line":72,"column":null}},"loc":{"start":{"line":75,"column":25},"end":{"line":83,"column":null}},"line":75},"3":{"name":"(anonymous_3)","decl":{"start":{"line":85,"column":36},"end":{"line":85,"column":null}},"loc":{"start":{"line":94,"column":6},"end":{"line":133,"column":null}},"line":94},"4":{"name":"(anonymous_4)","decl":{"start":{"line":135,"column":36},"end":{"line":135,"column":null}},"loc":{"start":{"line":140,"column":72},"end":{"line":215,"column":null}},"line":140},"5":{"name":"(anonymous_5)","decl":{"start":{"line":171,"column":4},"end":{"line":171,"column":5}},"loc":{"start":{"line":171,"column":11},"end":{"line":171,"column":null}},"line":171},"6":{"name":"(anonymous_6)","decl":{"start":{"line":178,"column":38},"end":{"line":178,"column":39}},"loc":{"start":{"line":178,"column":48},"end":{"line":178,"column":62}},"line":178}},"branchMap":{"0":{"loc":{"start":{"line":142,"column":2},"end":{"line":146,"column":null}},"type":"if","locations":[{"start":{"line":142,"column":2},"end":{"line":146,"column":null}},{"start":{},"end":{}}],"line":142},"1":{"loc":{"start":{"line":155,"column":2},"end":{"line":157,"column":null}},"type":"if","locations":[{"start":{"line":155,"column":2},"end":{"line":157,"column":null}},{"start":{},"end":{}}],"line":155},"2":{"loc":{"start":{"line":173,"column":2},"end":{"line":181,"column":null}},"type":"if","locations":[{"start":{"line":173,"column":2},"end":{"line":181,"column":null}},{"start":{},"end":{}}],"line":173},"3":{"loc":{"start":{"line":183,"column":2},"end":{"line":187,"column":null}},"type":"if","locations":[{"start":{"line":183,"column":2},"end":{"line":187,"column":null}},{"start":{},"end":{}}],"line":183},"4":{"loc":{"start":{"line":196,"column":4},"end":{"line":198,"column":null}},"type":"if","locations":[{"start":{"line":196,"column":4},"end":{"line":198,"column":null}},{"start":{},"end":{}}],"line":196}},"s":{"0":1,"1":1,"2":4,"3":4,"4":4,"5":4,"6":1,"7":4,"8":1,"9":4,"10":1,"11":8,"12":8,"13":8,"14":8,"15":8,"16":8,"17":8,"18":8,"19":8,"20":8,"21":8,"22":8,"23":1,"24":8,"25":8,"26":1,"27":7,"28":7,"29":7,"30":7,"31":1,"32":6,"33":6,"34":6,"35":5,"36":6,"37":4,"38":4,"39":4,"40":10,"41":4,"42":2,"43":0,"44":2,"45":2,"46":2,"47":2,"48":4,"49":0,"50":4,"51":4,"52":4,"53":4,"54":2,"55":2,"56":2,"57":2},"f":{"0":4,"1":4,"2":4,"3":8,"4":8,"5":5,"6":10},"b":{"0":[1,7],"1":[1,6],"2":[4,2],"3":[0,2],"4":[0,4]},"meta":{"lastBranch":5,"lastFunction":7,"lastStatement":58,"seen":{"s:42:26:42:Infinity":0,"s:44:35:60:Infinity":1,"f:44:35:44:Infinity":0,"s:48:12:48:Infinity":2,"s:49:18:49:Infinity":3,"s:50:19:50:Infinity":4,"s:51:2:59:Infinity":5,"s:62:37:70:Infinity":6,"f:62:37:62:Infinity":1,"s:64:36:70:Infinity":7,"s:72:39:83:Infinity":8,"f:72:39:72:Infinity":2,"s:75:25:83:Infinity":9,"s:85:36:133:Infinity":10,"f:85:36:85:Infinity":3,"s:95:12:95:Infinity":11,"s:96:13:96:Infinity":12,"s:97:43:97:Infinity":13,"s:99:20:99:Infinity":14,"s:100:22:108:Infinity":15,"s:109:8:109:Infinity":16,"s:110:32:110:Infinity":17,"s:112:22:112:Infinity":18,"s:113:20:116:Infinity":19,"s:118:37:125:Infinity":20,"s:127:38:131:Infinity":21,"s:132:2:132:Infinity":22,"s:135:36:215:Infinity":23,"f:135:36:135:Infinity":4,"s:141:12:141:Infinity":24,"b:142:2:146:Infinity:undefined:undefined:undefined:undefined":0,"s:142:2:146:Infinity":25,"s:143:4:145:Infinity":26,"s:148:21:148:Infinity":27,"s:149:25:149:Infinity":28,"s:150:16:154:Infinity":29,"b:155:2:157:Infinity:undefined:undefined:undefined:undefined":1,"s:155:2:157:Infinity":30,"s:156:4:156:Infinity":31,"s:159:22:167:Infinity":32,"s:168:8:168:Infinity":33,"s:170:19:172:Infinity":34,"f:171:4:171:5":5,"s:171:11:171:Infinity":35,"b:173:2:181:Infinity:undefined:undefined:undefined:undefined":2,"s:173:2:181:Infinity":36,"s:174:15:174:Infinity":37,"s:175:22:175:Infinity":38,"s:176:39:179:Infinity":39,"f:178:38:178:39":6,"s:178:48:178:62":40,"s:180:4:180:Infinity":41,"b:183:2:187:Infinity:undefined:undefined:undefined:undefined":3,"s:183:2:187:Infinity":42,"s:184:4:186:Infinity":43,"s:189:17:189:Infinity":44,"s:190:13:190:Infinity":45,"s:191:63:193:Infinity":46,"s:195:2:203:Infinity":47,"b:196:4:198:Infinity:undefined:undefined:undefined:undefined":4,"s:196:4:198:Infinity":48,"s:197:6:197:Infinity":49,"s:199:43:199:Infinity":50,"s:200:4:200:Infinity":51,"s:201:4:201:Infinity":52,"s:202:4:202:Infinity":53,"s:205:43:205:Infinity":54,"s:206:20:206:Infinity":55,"s:208:37:213:Infinity":56,"s:214:2:214:Infinity":57}}}
,"/Users/arturrubachenko/uni/3course_2sem/course_work/chat-FE/src/crypto/sodium.ts": {"path":"/Users/arturrubachenko/uni/3course_2sem/course_work/chat-FE/src/crypto/sodium.ts","statementMap":{"0":{"start":{"line":3,"column":50},"end":{"line":3,"column":null}},"1":{"start":{"line":5,"column":25},"end":{"line":11,"column":null}},"2":{"start":{"line":6,"column":2},"end":{"line":8,"column":null}},"3":{"start":{"line":7,"column":4},"end":{"line":7,"column":null}},"4":{"start":{"line":7,"column":43},"end":{"line":7,"column":49}},"5":{"start":{"line":9,"column":2},"end":{"line":9,"column":null}},"6":{"start":{"line":10,"column":2},"end":{"line":10,"column":null}}},"fnMap":{"0":{"name":"(anonymous_0)","decl":{"start":{"line":5,"column":25},"end":{"line":5,"column":61}},"loc":{"start":{"line":5,"column":61},"end":{"line":11,"column":null}},"line":5},"1":{"name":"(anonymous_1)","decl":{"start":{"line":7,"column":37},"end":{"line":7,"column":43}},"loc":{"start":{"line":7,"column":43},"end":{"line":7,"column":49}},"line":7}},"branchMap":{"0":{"loc":{"start":{"line":6,"column":2},"end":{"line":8,"column":null}},"type":"if","locations":[{"start":{"line":6,"column":2},"end":{"line":8,"column":null}},{"start":{},"end":{}}],"line":6}},"s":{"0":4,"1":4,"2":2068,"3":4,"4":4,"5":2068,"6":2068},"f":{"0":2068,"1":4},"b":{"0":[4,2064]},"meta":{"lastBranch":1,"lastFunction":2,"lastStatement":7,"seen":{"s:3:50:3:Infinity":0,"s:5:25:11:Infinity":1,"f:5:25:5:61":0,"b:6:2:8:Infinity:undefined:undefined:undefined:undefined":0,"s:6:2:8:Infinity":2,"s:7:4:7:Infinity":3,"f:7:37:7:43":1,"s:7:43:7:49":4,"s:9:2:9:Infinity":5,"s:10:2:10:Infinity":6}}}
,"/Users/arturrubachenko/uni/3course_2sem/course_work/chat-FE/src/crypto/x3dh.ts": {"path":"/Users/arturrubachenko/uni/3course_2sem/course_work/chat-FE/src/crypto/x3dh.ts","statementMap":{"0":{"start":{"line":41,"column":32},"end":{"line":85,"column":null}},"1":{"start":{"line":44,"column":16},"end":{"line":48,"column":null}},"2":{"start":{"line":49,"column":2},"end":{"line":53,"column":null}},"3":{"start":{"line":50,"column":4},"end":{"line":52,"column":null}},"4":{"start":{"line":55,"column":22},"end":{"line":55,"column":null}},"5":{"start":{"line":56,"column":24},"end":{"line":56,"column":null}},"6":{"start":{"line":57,"column":20},"end":{"line":57,"column":null}},"7":{"start":{"line":59,"column":14},"end":{"line":59,"column":null}},"8":{"start":{"line":60,"column":14},"end":{"line":60,"column":null}},"9":{"start":{"line":61,"column":14},"end":{"line":64,"column":null}},"10":{"start":{"line":66,"column":16},"end":{"line":66,"column":null}},"11":{"start":{"line":67,"column":2},"end":{"line":73,"column":null}},"12":{"start":{"line":68,"column":16},"end":{"line":71,"column":null}},"13":{"start":{"line":72,"column":4},"end":{"line":72,"column":null}},"14":{"start":{"line":74,"column":23},"end":{"line":74,"column":null}},"15":{"start":{"line":76,"column":35},"end":{"line":82,"column":null}},"16":{"start":{"line":84,"column":2},"end":{"line":84,"column":null}},"17":{"start":{"line":100,"column":32},"end":{"line":121,"column":null}},"18":{"start":{"line":103,"column":25},"end":{"line":103,"column":null}},"19":{"start":{"line":104,"column":24},"end":{"line":104,"column":null}},"20":{"start":{"line":106,"column":22},"end":{"line":106,"column":null}},"21":{"start":{"line":107,"column":24},"end":{"line":107,"column":null}},"22":{"start":{"line":109,"column":14},"end":{"line":109,"column":null}},"23":{"start":{"line":110,"column":14},"end":{"line":110,"column":null}},"24":{"start":{"line":111,"column":14},"end":{"line":111,"column":null}},"25":{"start":{"line":113,"column":16},"end":{"line":113,"column":null}},"26":{"start":{"line":114,"column":2},"end":{"line":117,"column":null}},"27":{"start":{"line":115,"column":16},"end":{"line":115,"column":null}},"28":{"start":{"line":116,"column":4},"end":{"line":116,"column":null}},"29":{"start":{"line":119,"column":23},"end":{"line":119,"column":null}},"30":{"start":{"line":120,"column":2},"end":{"line":120,"column":null}}},"fnMap":{"0":{"name":"(anonymous_0)","decl":{"start":{"line":41,"column":32},"end":{"line":41,"column":null}},"loc":{"start":{"line":43,"column":31},"end":{"line":85,"column":null}},"line":43},"1":{"name":"(anonymous_1)","decl":{"start":{"line":100,"column":32},"end":{"line":100,"column":null}},"loc":{"start":{"line":102,"column":31},"end":{"line":121,"column":null}},"line":102}},"branchMap":{"0":{"loc":{"start":{"line":49,"column":2},"end":{"line":53,"column":null}},"type":"if","locations":[{"start":{"line":49,"column":2},"end":{"line":53,"column":null}},{"start":{},"end":{}}],"line":49},"1":{"loc":{"start":{"line":67,"column":2},"end":{"line":73,"column":null}},"type":"if","locations":[{"start":{"line":67,"column":2},"end":{"line":73,"column":null}},{"start":{},"end":{}}],"line":67},"2":{"loc":{"start":{"line":81,"column":21},"end":{"line":81,"column":null}},"type":"binary-expr","locations":[{"start":{"line":81,"column":21},"end":{"line":81,"column":56}},{"start":{"line":81,"column":56},"end":{"line":81,"column":null}}],"line":81},"3":{"loc":{"start":{"line":114,"column":2},"end":{"line":117,"column":null}},"type":"if","locations":[{"start":{"line":114,"column":2},"end":{"line":117,"column":null}},{"start":{},"end":{}}],"line":114},"4":{"loc":{"start":{"line":114,"column":6},"end":{"line":114,"column":79}},"type":"binary-expr","locations":[{"start":{"line":114,"column":6},"end":{"line":114,"column":49}},{"start":{"line":114,"column":49},"end":{"line":114,"column":79}}],"line":114}},"s":{"0":1,"1":3,"2":3,"3":1,"4":2,"5":2,"6":2,"7":2,"8":2,"9":2,"10":2,"11":2,"12":1,"13":1,"14":2,"15":2,"16":3,"17":1,"18":2,"19":2,"20":2,"21":2,"22":2,"23":2,"24":2,"25":2,"26":2,"27":1,"28":1,"29":2,"30":2},"f":{"0":3,"1":2},"b":{"0":[1,2],"1":[1,1],"2":[2,1],"3":[1,1],"4":[2,1]},"meta":{"lastBranch":5,"lastFunction":2,"lastStatement":31,"seen":{"s:41:32:85:Infinity":0,"f:41:32:41:Infinity":0,"s:44:16:48:Infinity":1,"b:49:2:53:Infinity:undefined:undefined:undefined:undefined":0,"s:49:2:53:Infinity":2,"s:50:4:52:Infinity":3,"s:55:22:55:Infinity":4,"s:56:24:56:Infinity":5,"s:57:20:57:Infinity":6,"s:59:14:59:Infinity":7,"s:60:14:60:Infinity":8,"s:61:14:64:Infinity":9,"s:66:16:66:Infinity":10,"b:67:2:73:Infinity:undefined:undefined:undefined:undefined":1,"s:67:2:73:Infinity":11,"s:68:16:71:Infinity":12,"s:72:4:72:Infinity":13,"s:74:23:74:Infinity":14,"s:76:35:82:Infinity":15,"b:81:21:81:56:81:56:81:Infinity":2,"s:84:2:84:Infinity":16,"s:100:32:121:Infinity":17,"f:100:32:100:Infinity":1,"s:103:25:103:Infinity":18,"s:104:24:104:Infinity":19,"s:106:22:106:Infinity":20,"s:107:24:107:Infinity":21,"s:109:14:109:Infinity":22,"s:110:14:110:Infinity":23,"s:111:14:111:Infinity":24,"s:113:16:113:Infinity":25,"b:114:2:117:Infinity:undefined:undefined:undefined:undefined":3,"s:114:2:117:Infinity":26,"b:114:6:114:49:114:49:114:79":4,"s:115:16:115:Infinity":27,"s:116:4:116:Infinity":28,"s:119:23:119:Infinity":29,"s:120:2:120:Infinity":30}}}
}
